<?xml version="1.0" encoding="UTF-8"?>
<!-- Generated by org.testng.reporters.JUnitReportReporter -->
<testsuite hostname="gautam" failures="0" tests="1" name="runner.TestRunner" time="29.093" errors="0" timestamp="2025-03-06T16:19:48 IST" skipped="0">
  <testcase classname="runner.TestRunner" name="runScenario" time="29.093"/>
  <system-out/>
</testsuite> <!-- runner.TestRunner -->
