<?xml version="1.0" encoding="UTF-8"?>
<!-- Generated by org.testng.reporters.JUnitReportReporter -->
<testsuite hostname="gautam" failures="0" tests="1" name="runner.TestRunner" time="25.226" errors="0" timestamp="2025-03-10T10:49:45 IST" skipped="0">
  <testcase classname="runner.TestRunner" name="runScenario" time="25.226"/>
  <system-out/>
</testsuite> <!-- runner.TestRunner -->
